{"/Users/pawelnackiewicz/Projects/beaution/beaution-app/tailwind.config.js": {"path":"/Users/pawelnackiewicz/Projects/beaution/beaution-app/tailwind.config.js","all":true,"statementMap":{"0":{"start":{"line":1,"column":0},"end":{"line":1,"column":43}},"1":{"start":{"line":2,"column":0},"end":{"line":2,"column":18}},"2":{"start":{"line":3,"column":0},"end":{"line":3,"column":60}},"3":{"start":{"line":4,"column":0},"end":{"line":4,"column":12}},"4":{"start":{"line":5,"column":0},"end":{"line":5,"column":17}},"5":{"start":{"line":6,"column":0},"end":{"line":6,"column":6}},"6":{"start":{"line":7,"column":0},"end":{"line":7,"column":16}},"7":{"start":{"line":8,"column":0},"end":{"line":8,"column":3}}},"s":{"0":0,"1":0,"2":0,"3":0,"4":0,"5":0,"6":0,"7":0},"branchMap":{"0":{"type":"branch","line":1,"loc":{"start":{"line":1,"column":0},"end":{"line":8,"column":3}},"locations":[{"start":{"line":1,"column":0},"end":{"line":8,"column":3}}]}},"b":{"0":[0]},"fnMap":{"0":{"name":"(empty-report)","decl":{"start":{"line":1,"column":0},"end":{"line":8,"column":3}},"loc":{"start":{"line":1,"column":0},"end":{"line":8,"column":3}},"line":1}},"f":{"0":0}}
,"/Users/pawelnackiewicz/Projects/beaution/beaution-app/app/page.tsx": {"path":"/Users/pawelnackiewicz/Projects/beaution/beaution-app/app/page.tsx","all":true,"statementMap":{"2":{"start":{"line":3,"column":0},"end":{"line":3,"column":36}},"3":{"start":{"line":4,"column":0},"end":{"line":4,"column":10}},"4":{"start":{"line":5,"column":0},"end":{"line":5,"column":39}},"5":{"start":{"line":6,"column":0},"end":{"line":6,"column":65}},"6":{"start":{"line":7,"column":0},"end":{"line":7,"column":37}},"7":{"start":{"line":8,"column":0},"end":{"line":8,"column":69}},"9":{"start":{"line":10,"column":0},"end":{"line":10,"column":16}},"10":{"start":{"line":11,"column":0},"end":{"line":11,"column":11}},"12":{"start":{"line":13,"column":0},"end":{"line":13,"column":1}}},"s":{"2":0,"3":0,"4":0,"5":0,"6":0,"7":0,"9":0,"10":0,"12":0},"branchMap":{"0":{"type":"branch","line":1,"loc":{"start":{"line":1,"column":122},"end":{"line":13,"column":-186}},"locations":[{"start":{"line":1,"column":122},"end":{"line":13,"column":-186}}]}},"b":{"0":[1]},"fnMap":{"0":{"name":"(empty-report)","decl":{"start":{"line":1,"column":122},"end":{"line":13,"column":-186}},"loc":{"start":{"line":1,"column":122},"end":{"line":13,"column":-186}},"line":1}},"f":{"0":1}}
,"/Users/pawelnackiewicz/Projects/beaution/beaution-app/src/App.tsx": {"path":"/Users/pawelnackiewicz/Projects/beaution/beaution-app/src/App.tsx","all":true,"statementMap":{"0":{"start":{"line":1,"column":0},"end":{"line":1,"column":33}},"1":{"start":{"line":2,"column":0},"end":{"line":2,"column":43}},"2":{"start":{"line":3,"column":0},"end":{"line":3,"column":33}},"3":{"start":{"line":4,"column":0},"end":{"line":4,"column":19}},"4":{"start":{"line":5,"column":0},"end":{"line":5,"column":48}},"5":{"start":{"line":6,"column":0},"end":{"line":6,"column":43}},"6":{"start":{"line":7,"column":0},"end":{"line":7,"column":68}},"8":{"start":{"line":9,"column":0},"end":{"line":9,"column":16}},"9":{"start":{"line":10,"column":0},"end":{"line":10,"column":40}},"10":{"start":{"line":11,"column":0},"end":{"line":11,"column":68}},"12":{"start":{"line":13,"column":0},"end":{"line":13,"column":10}},"13":{"start":{"line":14,"column":0},"end":{"line":14,"column":17}},"14":{"start":{"line":15,"column":0},"end":{"line":15,"column":79}},"15":{"start":{"line":16,"column":0},"end":{"line":16,"column":49}},"16":{"start":{"line":17,"column":0},"end":{"line":17,"column":53}},"17":{"start":{"line":18,"column":0},"end":{"line":18,"column":67}},"18":{"start":{"line":19,"column":0},"end":{"line":19,"column":14}},"19":{"start":{"line":20,"column":0},"end":{"line":20,"column":54}},"20":{"start":{"line":21,"column":0},"end":{"line":21,"column":75}},"21":{"start":{"line":22,"column":0},"end":{"line":22,"column":14}},"22":{"start":{"line":23,"column":0},"end":{"line":23,"column":14}},"23":{"start":{"line":24,"column":0},"end":{"line":24,"column":29}},"24":{"start":{"line":25,"column":0},"end":{"line":25,"column":30}},"25":{"start":{"line":26,"column":0},"end":{"line":26,"column":65}},"26":{"start":{"line":27,"column":0},"end":{"line":27,"column":28}},"27":{"start":{"line":28,"column":0},"end":{"line":28,"column":19}},"28":{"start":{"line":29,"column":0},"end":{"line":29,"column":14}},"29":{"start":{"line":30,"column":0},"end":{"line":30,"column":24}},"30":{"start":{"line":31,"column":0},"end":{"line":31,"column":33}},"31":{"start":{"line":32,"column":0},"end":{"line":32,"column":12}},"32":{"start":{"line":33,"column":0},"end":{"line":33,"column":18}},"34":{"start":{"line":35,"column":0},"end":{"line":35,"column":1}},"36":{"start":{"line":37,"column":0},"end":{"line":37,"column":19}}},"s":{"0":0,"1":0,"2":0,"3":0,"4":0,"5":0,"6":0,"8":0,"9":0,"10":0,"12":0,"13":0,"14":0,"15":0,"16":0,"17":0,"18":0,"19":0,"20":0,"21":0,"22":0,"23":0,"24":0,"25":0,"26":0,"27":0,"28":0,"29":0,"30":0,"31":0,"32":0,"34":0,"36":0},"branchMap":{"0":{"type":"branch","line":1,"loc":{"start":{"line":1,"column":648},"end":{"line":37,"column":-711}},"locations":[{"start":{"line":1,"column":648},"end":{"line":37,"column":-711}}]}},"b":{"0":[0]},"fnMap":{"0":{"name":"(empty-report)","decl":{"start":{"line":1,"column":648},"end":{"line":37,"column":-711}},"loc":{"start":{"line":1,"column":648},"end":{"line":37,"column":-711}},"line":1}},"f":{"0":0}}
,"/Users/pawelnackiewicz/Projects/beaution/beaution-app/src/AppContext.tsx": {"path":"/Users/pawelnackiewicz/Projects/beaution/beaution-app/src/AppContext.tsx","all":true,"statementMap":{"0":{"start":{"line":1,"column":0},"end":{"line":1,"column":78}},"20":{"start":{"line":21,"column":0},"end":{"line":21,"column":72}},"22":{"start":{"line":23,"column":0},"end":{"line":23,"column":74}},"23":{"start":{"line":24,"column":0},"end":{"line":24,"column":24}},"24":{"start":{"line":25,"column":0},"end":{"line":25,"column":55}},"25":{"start":{"line":26,"column":0},"end":{"line":26,"column":51}},"26":{"start":{"line":27,"column":0},"end":{"line":27,"column":63}},"27":{"start":{"line":28,"column":0},"end":{"line":28,"column":45}},"28":{"start":{"line":29,"column":0},"end":{"line":29,"column":4}},"30":{"start":{"line":31,"column":0},"end":{"line":31,"column":52}},"31":{"start":{"line":32,"column":0},"end":{"line":32,"column":54}},"32":{"start":{"line":33,"column":0},"end":{"line":33,"column":69}},"33":{"start":{"line":34,"column":0},"end":{"line":34,"column":78}},"34":{"start":{"line":35,"column":0},"end":{"line":35,"column":5}},"36":{"start":{"line":37,"column":0},"end":{"line":37,"column":19}},"37":{"start":{"line":38,"column":0},"end":{"line":38,"column":57}},"38":{"start":{"line":39,"column":0},"end":{"line":39,"column":14}},"40":{"start":{"line":41,"column":0},"end":{"line":41,"column":40}},"41":{"start":{"line":42,"column":0},"end":{"line":42,"column":78}},"42":{"start":{"line":43,"column":0},"end":{"line":43,"column":4}},"44":{"start":{"line":45,"column":0},"end":{"line":45,"column":33}},"45":{"start":{"line":46,"column":0},"end":{"line":46,"column":23}},"46":{"start":{"line":47,"column":0},"end":{"line":47,"column":32}},"47":{"start":{"line":48,"column":0},"end":{"line":48,"column":8}},"48":{"start":{"line":49,"column":0},"end":{"line":49,"column":13}},"49":{"start":{"line":50,"column":0},"end":{"line":50,"column":25}},"50":{"start":{"line":51,"column":0},"end":{"line":51,"column":69}},"51":{"start":{"line":52,"column":0},"end":{"line":52,"column":7}},"52":{"start":{"line":53,"column":0},"end":{"line":53,"column":6}},"53":{"start":{"line":54,"column":0},"end":{"line":54,"column":4}},"55":{"start":{"line":56,"column":0},"end":{"line":56,"column":46}},"56":{"start":{"line":57,"column":0},"end":{"line":57,"column":57}},"57":{"start":{"line":58,"column":0},"end":{"line":58,"column":4}},"59":{"start":{"line":60,"column":0},"end":{"line":60,"column":63}},"60":{"start":{"line":61,"column":0},"end":{"line":61,"column":13}},"61":{"start":{"line":62,"column":0},"end":{"line":62,"column":25}},"62":{"start":{"line":63,"column":0},"end":{"line":63,"column":62}},"63":{"start":{"line":64,"column":0},"end":{"line":64,"column":7}},"64":{"start":{"line":65,"column":0},"end":{"line":65,"column":6}},"65":{"start":{"line":66,"column":0},"end":{"line":66,"column":4}},"67":{"start":{"line":68,"column":0},"end":{"line":68,"column":10}},"68":{"start":{"line":69,"column":0},"end":{"line":69,"column":24}},"69":{"start":{"line":70,"column":0},"end":{"line":70,"column":14}},"70":{"start":{"line":71,"column":0},"end":{"line":71,"column":14}},"71":{"start":{"line":72,"column":0},"end":{"line":72,"column":17}},"72":{"start":{"line":73,"column":0},"end":{"line":73,"column":16}},"73":{"start":{"line":74,"column":0},"end":{"line":74,"column":30}},"74":{"start":{"line":75,"column":0},"end":{"line":75,"column":19}},"75":{"start":{"line":76,"column":0},"end":{"line":76,"column":19}},"76":{"start":{"line":77,"column":0},"end":{"line":77,"column":8}},"78":{"start":{"line":79,"column":0},"end":{"line":79,"column":16}},"79":{"start":{"line":80,"column":0},"end":{"line":80,"column":26}},"81":{"start":{"line":82,"column":0},"end":{"line":82,"column":1}},"83":{"start":{"line":84,"column":0},"end":{"line":84,"column":26}},"84":{"start":{"line":85,"column":0},"end":{"line":85,"column":41}},"85":{"start":{"line":86,"column":0},"end":{"line":86,"column":78}},"86":{"start":{"line":87,"column":0},"end":{"line":87,"column":17}},"87":{"start":{"line":88,"column":0},"end":{"line":88,"column":1}}},"s":{"0":0,"20":0,"22":0,"23":0,"24":0,"25":0,"26":0,"27":0,"28":0,"30":0,"31":0,"32":0,"33":0,"34":0,"36":0,"37":0,"38":0,"40":0,"41":0,"42":0,"44":0,"45":0,"46":0,"47":0,"48":0,"49":0,"50":0,"51":0,"52":0,"53":0,"55":0,"56":0,"57":0,"59":0,"60":0,"61":0,"62":0,"63":0,"64":0,"65":0,"67":0,"68":0,"69":0,"70":0,"71":0,"72":0,"73":0,"74":0,"75":0,"76":0,"78":0,"79":0,"81":0,"83":0,"84":0,"85":0,"86":0,"87":0},"branchMap":{"0":{"type":"branch","line":1,"loc":{"start":{"line":1,"column":1908},"end":{"line":88,"column":-21}},"locations":[{"start":{"line":1,"column":1908},"end":{"line":88,"column":-21}}]}},"b":{"0":[0]},"fnMap":{"0":{"name":"(empty-report)","decl":{"start":{"line":1,"column":1908},"end":{"line":88,"column":-21}},"loc":{"start":{"line":1,"column":1908},"end":{"line":88,"column":-21}},"line":1}},"f":{"0":0}}
,"/Users/pawelnackiewicz/Projects/beaution/beaution-app/src/main.tsx": {"path":"/Users/pawelnackiewicz/Projects/beaution/beaution-app/src/main.tsx","all":true,"statementMap":{"0":{"start":{"line":1,"column":0},"end":{"line":1,"column":35}},"1":{"start":{"line":2,"column":0},"end":{"line":2,"column":40}},"2":{"start":{"line":3,"column":0},"end":{"line":3,"column":70}},"3":{"start":{"line":4,"column":0},"end":{"line":4,"column":19}},"6":{"start":{"line":7,"column":0},"end":{"line":7,"column":44}},"9":{"start":{"line":10,"column":0},"end":{"line":10,"column":43}},"19":{"start":{"line":20,"column":0},"end":{"line":20,"column":53}},"20":{"start":{"line":21,"column":0},"end":{"line":21,"column":29}},"21":{"start":{"line":22,"column":0},"end":{"line":22,"column":48}},"22":{"start":{"line":23,"column":0},"end":{"line":23,"column":14}},"23":{"start":{"line":24,"column":0},"end":{"line":24,"column":16}},"24":{"start":{"line":25,"column":0},"end":{"line":25,"column":40}},"25":{"start":{"line":26,"column":0},"end":{"line":26,"column":17}},"26":{"start":{"line":27,"column":0},"end":{"line":27,"column":4}},"27":{"start":{"line":28,"column":0},"end":{"line":28,"column":1}}},"s":{"0":0,"1":0,"2":0,"3":0,"6":0,"9":0,"19":0,"20":0,"21":0,"22":0,"23":0,"24":0,"25":0,"26":0,"27":0},"branchMap":{"0":{"type":"branch","line":1,"loc":{"start":{"line":1,"column":663},"end":{"line":28,"column":-399}},"locations":[{"start":{"line":1,"column":663},"end":{"line":28,"column":-399}}]}},"b":{"0":[0]},"fnMap":{"0":{"name":"(empty-report)","decl":{"start":{"line":1,"column":663},"end":{"line":28,"column":-399}},"loc":{"start":{"line":1,"column":663},"end":{"line":28,"column":-399}},"line":1}},"f":{"0":0}}
,"/Users/pawelnackiewicz/Projects/beaution/beaution-app/src/routeTree.gen.ts": {"path":"/Users/pawelnackiewicz/Projects/beaution/beaution-app/src/routeTree.gen.ts","all":true,"statementMap":{"12":{"start":{"line":13,"column":0},"end":{"line":13,"column":52}},"13":{"start":{"line":14,"column":0},"end":{"line":14,"column":59}},"14":{"start":{"line":15,"column":0},"end":{"line":15,"column":57}},"15":{"start":{"line":16,"column":0},"end":{"line":16,"column":53}},"16":{"start":{"line":17,"column":0},"end":{"line":17,"column":57}},"17":{"start":{"line":18,"column":0},"end":{"line":18,"column":51}},"18":{"start":{"line":19,"column":0},"end":{"line":19,"column":53}},"22":{"start":{"line":23,"column":0},"end":{"line":23,"column":45}},"23":{"start":{"line":24,"column":0},"end":{"line":24,"column":18}},"24":{"start":{"line":25,"column":0},"end":{"line":25,"column":20}},"25":{"start":{"line":26,"column":0},"end":{"line":26,"column":34}},"26":{"start":{"line":27,"column":0},"end":{"line":27,"column":9}},"28":{"start":{"line":29,"column":0},"end":{"line":29,"column":43}},"29":{"start":{"line":30,"column":0},"end":{"line":30,"column":17}},"30":{"start":{"line":31,"column":0},"end":{"line":31,"column":19}},"31":{"start":{"line":32,"column":0},"end":{"line":32,"column":34}},"32":{"start":{"line":33,"column":0},"end":{"line":33,"column":9}},"34":{"start":{"line":35,"column":0},"end":{"line":35,"column":39}},"35":{"start":{"line":36,"column":0},"end":{"line":36,"column":15}},"36":{"start":{"line":37,"column":0},"end":{"line":37,"column":17}},"37":{"start":{"line":38,"column":0},"end":{"line":38,"column":34}},"38":{"start":{"line":39,"column":0},"end":{"line":39,"column":9}},"40":{"start":{"line":41,"column":0},"end":{"line":41,"column":43}},"41":{"start":{"line":42,"column":0},"end":{"line":42,"column":17}},"42":{"start":{"line":43,"column":0},"end":{"line":43,"column":19}},"43":{"start":{"line":44,"column":0},"end":{"line":44,"column":34}},"44":{"start":{"line":45,"column":0},"end":{"line":45,"column":9}},"46":{"start":{"line":47,"column":0},"end":{"line":47,"column":37}},"47":{"start":{"line":48,"column":0},"end":{"line":48,"column":14}},"48":{"start":{"line":49,"column":0},"end":{"line":49,"column":16}},"49":{"start":{"line":50,"column":0},"end":{"line":50,"column":34}},"50":{"start":{"line":51,"column":0},"end":{"line":51,"column":9}},"52":{"start":{"line":53,"column":0},"end":{"line":53,"column":39}},"53":{"start":{"line":54,"column":0},"end":{"line":54,"column":10}},"54":{"start":{"line":55,"column":0},"end":{"line":55,"column":12}},"55":{"start":{"line":56,"column":0},"end":{"line":56,"column":34}},"56":{"start":{"line":57,"column":0},"end":{"line":57,"column":9}},"162":{"start":{"line":163,"column":0},"end":{"line":163,"column":46}},"163":{"start":{"line":164,"column":0},"end":{"line":164,"column":25}},"164":{"start":{"line":165,"column":0},"end":{"line":165,"column":23}},"165":{"start":{"line":166,"column":0},"end":{"line":166,"column":29}},"166":{"start":{"line":167,"column":0},"end":{"line":167,"column":25}},"167":{"start":{"line":168,"column":0},"end":{"line":168,"column":29}},"168":{"start":{"line":169,"column":0},"end":{"line":169,"column":31}},"169":{"start":{"line":170,"column":0},"end":{"line":170,"column":1}},"171":{"start":{"line":172,"column":0},"end":{"line":172,"column":34}},"172":{"start":{"line":173,"column":0},"end":{"line":173,"column":38}},"173":{"start":{"line":174,"column":0},"end":{"line":174,"column":34}}},"s":{"12":0,"13":0,"14":0,"15":0,"16":0,"17":0,"18":0,"22":0,"23":0,"24":0,"25":0,"26":0,"28":0,"29":0,"30":0,"31":0,"32":0,"34":0,"35":0,"36":0,"37":0,"38":0,"40":0,"41":0,"42":0,"43":0,"44":0,"46":0,"47":0,"48":0,"49":0,"50":0,"52":0,"53":0,"54":0,"55":0,"56":0,"162":0,"163":0,"164":0,"165":0,"166":0,"167":0,"168":0,"169":0,"171":0,"172":0,"173":0},"branchMap":{"0":{"type":"branch","line":1,"loc":{"start":{"line":1,"column":4941},"end":{"line":210,"column":21}},"locations":[{"start":{"line":1,"column":4941},"end":{"line":210,"column":21}}]}},"b":{"0":[1]},"fnMap":{"0":{"name":"(empty-report)","decl":{"start":{"line":1,"column":4941},"end":{"line":210,"column":21}},"loc":{"start":{"line":1,"column":4941},"end":{"line":210,"column":21}},"line":1}},"f":{"0":1}}
,"/Users/pawelnackiewicz/Projects/beaution/beaution-app/src/components/add-new-item-form.tsx": {"path":"/Users/pawelnackiewicz/Projects/beaution/beaution-app/src/components/add-new-item-form.tsx","all":false,"statementMap":{"0":{"start":{"line":1,"column":0},"end":{"line":1,"column":54}},"1":{"start":{"line":2,"column":0},"end":{"line":2,"column":42}},"2":{"start":{"line":3,"column":0},"end":{"line":3,"column":25}},"4":{"start":{"line":5,"column":0},"end":{"line":5,"column":44}},"5":{"start":{"line":6,"column":0},"end":{"line":6,"column":80}},"6":{"start":{"line":7,"column":0},"end":{"line":7,"column":35}},"7":{"start":{"line":8,"column":0},"end":{"line":8,"column":39}},"9":{"start":{"line":10,"column":0},"end":{"line":10,"column":29}},"10":{"start":{"line":11,"column":0},"end":{"line":11,"column":10}},"11":{"start":{"line":12,"column":0},"end":{"line":12,"column":13}},"12":{"start":{"line":13,"column":0},"end":{"line":13,"column":11}},"13":{"start":{"line":14,"column":0},"end":{"line":14,"column":68}},"14":{"start":{"line":15,"column":0},"end":{"line":15,"column":70}},"15":{"start":{"line":16,"column":0},"end":{"line":16,"column":3}},"19":{"start":{"line":20,"column":0},"end":{"line":20,"column":37}},"20":{"start":{"line":21,"column":0},"end":{"line":21,"column":31}},"21":{"start":{"line":22,"column":0},"end":{"line":22,"column":34}},"22":{"start":{"line":23,"column":0},"end":{"line":23,"column":38}},"23":{"start":{"line":24,"column":0},"end":{"line":24,"column":20}},"24":{"start":{"line":25,"column":0},"end":{"line":25,"column":16}},"25":{"start":{"line":26,"column":0},"end":{"line":26,"column":6}},"26":{"start":{"line":27,"column":0},"end":{"line":27,"column":5}},"28":{"start":{"line":29,"column":0},"end":{"line":29,"column":44}},"29":{"start":{"line":30,"column":0},"end":{"line":30,"column":24}},"30":{"start":{"line":31,"column":0},"end":{"line":31,"column":17}},"31":{"start":{"line":32,"column":0},"end":{"line":32,"column":4}},"33":{"start":{"line":34,"column":0},"end":{"line":34,"column":10}},"34":{"start":{"line":35,"column":0},"end":{"line":35,"column":20}},"35":{"start":{"line":36,"column":0},"end":{"line":36,"column":55}},"36":{"start":{"line":37,"column":0},"end":{"line":37,"column":59}},"37":{"start":{"line":38,"column":0},"end":{"line":38,"column":20}},"38":{"start":{"line":39,"column":0},"end":{"line":39,"column":34}},"39":{"start":{"line":40,"column":0},"end":{"line":40,"column":24}},"40":{"start":{"line":41,"column":0},"end":{"line":41,"column":36}},"41":{"start":{"line":42,"column":0},"end":{"line":42,"column":24}},"42":{"start":{"line":43,"column":0},"end":{"line":43,"column":29}},"43":{"start":{"line":44,"column":0},"end":{"line":44,"column":67}},"44":{"start":{"line":45,"column":0},"end":{"line":45,"column":30}},"45":{"start":{"line":46,"column":0},"end":{"line":46,"column":31}},"46":{"start":{"line":47,"column":0},"end":{"line":47,"column":25}},"48":{"start":{"line":49,"column":0},"end":{"line":49,"column":12}},"50":{"start":{"line":51,"column":0},"end":{"line":51,"column":56}},"51":{"start":{"line":52,"column":0},"end":{"line":52,"column":17}},"52":{"start":{"line":53,"column":0},"end":{"line":53,"column":38}},"53":{"start":{"line":54,"column":0},"end":{"line":54,"column":19}},"54":{"start":{"line":55,"column":0},"end":{"line":55,"column":14}},"55":{"start":{"line":56,"column":0},"end":{"line":56,"column":13}},"56":{"start":{"line":57,"column":0},"end":{"line":57,"column":11}},"58":{"start":{"line":59,"column":0},"end":{"line":59,"column":2}}},"s":{"0":1,"1":1,"2":1,"4":1,"5":1,"6":1,"7":1,"9":1,"10":1,"11":1,"12":1,"13":1,"14":1,"15":1,"19":1,"20":9,"21":9,"22":9,"23":9,"24":9,"25":9,"26":9,"28":9,"29":1,"30":1,"31":1,"33":9,"34":9,"35":9,"36":9,"37":9,"38":9,"39":9,"40":9,"41":54,"42":54,"43":54,"44":54,"45":54,"46":54,"48":9,"50":9,"51":9,"52":9,"53":9,"54":9,"55":9,"56":9,"58":9},"branchMap":{"0":{"type":"branch","line":20,"loc":{"start":{"line":20,"column":30},"end":{"line":59,"column":2}},"locations":[{"start":{"line":20,"column":30},"end":{"line":59,"column":2}}]},"1":{"type":"branch","line":29,"loc":{"start":{"line":29,"column":23},"end":{"line":32,"column":4}},"locations":[{"start":{"line":29,"column":23},"end":{"line":32,"column":4}}]},"2":{"type":"branch","line":41,"loc":{"start":{"line":41,"column":20},"end":{"line":47,"column":25}},"locations":[{"start":{"line":41,"column":20},"end":{"line":47,"column":25}}]}},"b":{"0":[9],"1":[1],"2":[54]},"fnMap":{"0":{"name":"AddNewItemForm","decl":{"start":{"line":20,"column":30},"end":{"line":59,"column":2}},"loc":{"start":{"line":20,"column":30},"end":{"line":59,"column":2}},"line":20},"1":{"name":"handleSubmit","decl":{"start":{"line":29,"column":23},"end":{"line":32,"column":4}},"loc":{"start":{"line":29,"column":23},"end":{"line":32,"column":4}},"line":29},"2":{"name":"render","decl":{"start":{"line":41,"column":20},"end":{"line":47,"column":25}},"loc":{"start":{"line":41,"column":20},"end":{"line":47,"column":25}},"line":41}},"f":{"0":9,"1":1,"2":54}}
,"/Users/pawelnackiewicz/Projects/beaution/beaution-app/src/components/todo-item.tsx": {"path":"/Users/pawelnackiewicz/Projects/beaution/beaution-app/src/components/todo-item.tsx","all":false,"statementMap":{"0":{"start":{"line":1,"column":0},"end":{"line":1,"column":44}},"1":{"start":{"line":2,"column":0},"end":{"line":2,"column":75}},"2":{"start":{"line":3,"column":0},"end":{"line":3,"column":33}},"8":{"start":{"line":9,"column":0},"end":{"line":9,"column":54}},"9":{"start":{"line":10,"column":0},"end":{"line":10,"column":69}},"10":{"start":{"line":11,"column":0},"end":{"line":11,"column":52}},"11":{"start":{"line":12,"column":0},"end":{"line":12,"column":54}},"13":{"start":{"line":14,"column":0},"end":{"line":14,"column":28}},"14":{"start":{"line":15,"column":0},"end":{"line":15,"column":34}},"15":{"start":{"line":16,"column":0},"end":{"line":16,"column":24}},"16":{"start":{"line":17,"column":0},"end":{"line":17,"column":4}},"18":{"start":{"line":19,"column":0},"end":{"line":19,"column":30}},"19":{"start":{"line":20,"column":0},"end":{"line":20,"column":27}},"20":{"start":{"line":21,"column":0},"end":{"line":21,"column":24}},"21":{"start":{"line":22,"column":0},"end":{"line":22,"column":4}},"23":{"start":{"line":24,"column":0},"end":{"line":24,"column":10}},"24":{"start":{"line":25,"column":0},"end":{"line":25,"column":66}},"25":{"start":{"line":26,"column":0},"end":{"line":26,"column":41}},"26":{"start":{"line":27,"column":0},"end":{"line":27,"column":12}},"27":{"start":{"line":28,"column":0},"end":{"line":28,"column":73}},"28":{"start":{"line":29,"column":0},"end":{"line":29,"column":103}},"29":{"start":{"line":30,"column":0},"end":{"line":30,"column":76}},"30":{"start":{"line":31,"column":0},"end":{"line":31,"column":13}},"32":{"start":{"line":33,"column":0},"end":{"line":33,"column":72}},"33":{"start":{"line":34,"column":0},"end":{"line":34,"column":14}},"34":{"start":{"line":35,"column":0},"end":{"line":35,"column":22}},"35":{"start":{"line":36,"column":0},"end":{"line":36,"column":16}},"36":{"start":{"line":37,"column":0},"end":{"line":37,"column":23}},"37":{"start":{"line":38,"column":0},"end":{"line":38,"column":28}},"38":{"start":{"line":39,"column":0},"end":{"line":39,"column":57}},"39":{"start":{"line":40,"column":0},"end":{"line":40,"column":118}},"40":{"start":{"line":41,"column":0},"end":{"line":41,"column":12}},"42":{"start":{"line":43,"column":0},"end":{"line":43,"column":78}},"43":{"start":{"line":44,"column":0},"end":{"line":44,"column":23}},"44":{"start":{"line":45,"column":0},"end":{"line":45,"column":17}},"46":{"start":{"line":47,"column":0},"end":{"line":47,"column":12}},"47":{"start":{"line":48,"column":0},"end":{"line":48,"column":34}},"48":{"start":{"line":49,"column":0},"end":{"line":49,"column":22}},"49":{"start":{"line":50,"column":0},"end":{"line":50,"column":12}},"50":{"start":{"line":51,"column":0},"end":{"line":51,"column":22}},"51":{"start":{"line":52,"column":0},"end":{"line":52,"column":23}},"52":{"start":{"line":53,"column":0},"end":{"line":53,"column":55}},"53":{"start":{"line":54,"column":0},"end":{"line":54,"column":34}},"54":{"start":{"line":55,"column":0},"end":{"line":55,"column":14}},"55":{"start":{"line":56,"column":0},"end":{"line":56,"column":18}},"56":{"start":{"line":57,"column":0},"end":{"line":57,"column":23}},"57":{"start":{"line":58,"column":0},"end":{"line":58,"column":53}},"58":{"start":{"line":59,"column":0},"end":{"line":59,"column":36}},"59":{"start":{"line":60,"column":0},"end":{"line":60,"column":14}},"60":{"start":{"line":61,"column":0},"end":{"line":61,"column":13}},"62":{"start":{"line":63,"column":0},"end":{"line":63,"column":12}},"63":{"start":{"line":64,"column":0},"end":{"line":64,"column":20}},"64":{"start":{"line":65,"column":0},"end":{"line":65,"column":23}},"65":{"start":{"line":66,"column":0},"end":{"line":66,"column":40}},"66":{"start":{"line":67,"column":0},"end":{"line":67,"column":48}},"67":{"start":{"line":68,"column":0},"end":{"line":68,"column":14}},"68":{"start":{"line":69,"column":0},"end":{"line":69,"column":22}},"69":{"start":{"line":70,"column":0},"end":{"line":70,"column":23}},"70":{"start":{"line":71,"column":0},"end":{"line":71,"column":53}},"71":{"start":{"line":72,"column":0},"end":{"line":72,"column":49}},"72":{"start":{"line":73,"column":0},"end":{"line":73,"column":14}},"73":{"start":{"line":74,"column":0},"end":{"line":74,"column":13}},"75":{"start":{"line":76,"column":0},"end":{"line":76,"column":12}},"76":{"start":{"line":77,"column":0},"end":{"line":77,"column":9}},"78":{"start":{"line":79,"column":0},"end":{"line":79,"column":2}}},"s":{"0":1,"1":1,"2":1,"8":1,"9":43,"10":43,"11":43,"13":43,"14":0,"15":0,"16":0,"18":43,"19":0,"20":0,"21":0,"23":43,"24":43,"25":43,"26":43,"27":43,"28":43,"29":43,"30":43,"32":43,"33":43,"34":43,"35":0,"36":0,"37":0,"38":0,"39":0,"40":0,"42":43,"43":43,"44":43,"46":43,"47":43,"48":43,"49":0,"50":0,"51":0,"52":0,"53":0,"54":0,"55":0,"56":0,"57":0,"58":0,"59":0,"60":0,"62":43,"63":43,"64":43,"65":43,"66":43,"67":43,"68":43,"69":43,"70":43,"71":43,"72":43,"73":43,"75":43,"76":43,"78":43},"branchMap":{"0":{"type":"branch","line":9,"loc":{"start":{"line":9,"column":24},"end":{"line":79,"column":2}},"locations":[{"start":{"line":9,"column":24},"end":{"line":79,"column":2}}]},"1":{"type":"branch","line":30,"loc":{"start":{"line":30,"column":17},"end":{"line":30,"column":59}},"locations":[{"start":{"line":30,"column":17},"end":{"line":30,"column":59}}]},"2":{"type":"branch","line":30,"loc":{"start":{"line":30,"column":29},"end":{"line":30,"column":76}},"locations":[{"start":{"line":30,"column":29},"end":{"line":30,"column":76}}]},"3":{"type":"branch","line":33,"loc":{"start":{"line":33,"column":16},"end":{"line":33,"column":72}},"locations":[{"start":{"line":33,"column":16},"end":{"line":33,"column":72}}]},"4":{"type":"branch","line":35,"loc":{"start":{"line":35,"column":9},"end":{"line":41,"column":12}},"locations":[{"start":{"line":35,"column":9},"end":{"line":41,"column":12}}]},"5":{"type":"branch","line":43,"loc":{"start":{"line":43,"column":32},"end":{"line":43,"column":61}},"locations":[{"start":{"line":43,"column":32},"end":{"line":43,"column":61}}]},"6":{"type":"branch","line":43,"loc":{"start":{"line":43,"column":44},"end":{"line":43,"column":78}},"locations":[{"start":{"line":43,"column":44},"end":{"line":43,"column":78}}]},"7":{"type":"branch","line":49,"loc":{"start":{"line":49,"column":9},"end":{"line":61,"column":13}},"locations":[{"start":{"line":49,"column":9},"end":{"line":61,"column":13}}]}},"b":{"0":[43],"1":[10],"2":[33],"3":[10],"4":[0],"5":[10],"6":[33],"7":[0]},"fnMap":{"0":{"name":"TodoItem","decl":{"start":{"line":9,"column":24},"end":{"line":79,"column":2}},"loc":{"start":{"line":9,"column":24},"end":{"line":79,"column":2}},"line":9},"1":{"name":"handleSave","decl":{"start":{"line":14,"column":21},"end":{"line":17,"column":4}},"loc":{"start":{"line":14,"column":21},"end":{"line":17,"column":4}},"line":14},"2":{"name":"handleCancel","decl":{"start":{"line":19,"column":23},"end":{"line":22,"column":4}},"loc":{"start":{"line":19,"column":23},"end":{"line":22,"column":4}},"line":19},"3":{"name":"onClick","decl":{"start":{"line":28,"column":19},"end":{"line":28,"column":73}},"loc":{"start":{"line":28,"column":19},"end":{"line":28,"column":73}},"line":28},"4":{"name":"onChange","decl":{"start":{"line":39,"column":22},"end":{"line":39,"column":57}},"loc":{"start":{"line":39,"column":22},"end":{"line":39,"column":57}},"line":39},"5":{"name":"onClick","decl":{"start":{"line":67,"column":23},"end":{"line":67,"column":48}},"loc":{"start":{"line":67,"column":23},"end":{"line":67,"column":48}},"line":67},"6":{"name":"onClick","decl":{"start":{"line":72,"column":23},"end":{"line":72,"column":49}},"loc":{"start":{"line":72,"column":23},"end":{"line":72,"column":49}},"line":72}},"f":{"0":43,"1":0,"2":0,"3":0,"4":0,"5":0,"6":0}}
,"/Users/pawelnackiewicz/Projects/beaution/beaution-app/src/components/todo-list.tsx": {"path":"/Users/pawelnackiewicz/Projects/beaution/beaution-app/src/components/todo-list.tsx","all":false,"statementMap":{"0":{"start":{"line":1,"column":0},"end":{"line":1,"column":33}},"1":{"start":{"line":2,"column":0},"end":{"line":2,"column":38}},"2":{"start":{"line":3,"column":0},"end":{"line":3,"column":37}},"3":{"start":{"line":4,"column":0},"end":{"line":4,"column":39}},"7":{"start":{"line":8,"column":0},"end":{"line":8,"column":31}},"8":{"start":{"line":9,"column":0},"end":{"line":9,"column":29}},"9":{"start":{"line":10,"column":0},"end":{"line":10,"column":60}},"10":{"start":{"line":11,"column":0},"end":{"line":11,"column":48}},"11":{"start":{"line":12,"column":0},"end":{"line":12,"column":40}},"12":{"start":{"line":13,"column":0},"end":{"line":13,"column":56}},"13":{"start":{"line":14,"column":0},"end":{"line":14,"column":54}},"14":{"start":{"line":15,"column":0},"end":{"line":15,"column":16}},"15":{"start":{"line":16,"column":0},"end":{"line":16,"column":5}},"16":{"start":{"line":17,"column":0},"end":{"line":17,"column":45}},"17":{"start":{"line":18,"column":0},"end":{"line":18,"column":48}},"19":{"start":{"line":20,"column":0},"end":{"line":20,"column":10}},"20":{"start":{"line":21,"column":0},"end":{"line":21,"column":6}},"21":{"start":{"line":22,"column":0},"end":{"line":22,"column":59}},"22":{"start":{"line":23,"column":0},"end":{"line":23,"column":15}},"23":{"start":{"line":24,"column":0},"end":{"line":24,"column":44}},"24":{"start":{"line":25,"column":0},"end":{"line":25,"column":40}},"25":{"start":{"line":26,"column":0},"end":{"line":26,"column":9}},"27":{"start":{"line":28,"column":0},"end":{"line":28,"column":17}},"28":{"start":{"line":29,"column":0},"end":{"line":29,"column":15}},"29":{"start":{"line":30,"column":0},"end":{"line":30,"column":50}},"30":{"start":{"line":31,"column":0},"end":{"line":31,"column":46}},"31":{"start":{"line":32,"column":0},"end":{"line":32,"column":9}},"33":{"start":{"line":34,"column":0},"end":{"line":34,"column":17}},"34":{"start":{"line":35,"column":0},"end":{"line":35,"column":15}},"35":{"start":{"line":36,"column":0},"end":{"line":36,"column":47}},"36":{"start":{"line":37,"column":0},"end":{"line":37,"column":43}},"37":{"start":{"line":38,"column":0},"end":{"line":38,"column":9}},"39":{"start":{"line":40,"column":0},"end":{"line":40,"column":17}},"40":{"start":{"line":41,"column":0},"end":{"line":41,"column":12}},"41":{"start":{"line":42,"column":0},"end":{"line":42,"column":57}},"42":{"start":{"line":43,"column":0},"end":{"line":43,"column":12}},"43":{"start":{"line":44,"column":0},"end":{"line":44,"column":40}},"44":{"start":{"line":45,"column":0},"end":{"line":45,"column":50}},"45":{"start":{"line":46,"column":0},"end":{"line":46,"column":13}},"46":{"start":{"line":47,"column":0},"end":{"line":47,"column":13}},"47":{"start":{"line":48,"column":0},"end":{"line":48,"column":12}},"48":{"start":{"line":49,"column":0},"end":{"line":49,"column":7}},"50":{"start":{"line":51,"column":0},"end":{"line":51,"column":2}}},"s":{"0":1,"1":1,"2":1,"3":1,"7":1,"8":12,"9":12,"10":12,"11":48,"12":48,"13":8,"14":0,"15":12,"16":12,"17":36,"19":12,"20":12,"21":12,"22":12,"23":12,"24":12,"25":12,"27":12,"28":12,"29":12,"30":12,"31":12,"33":12,"34":12,"35":12,"36":12,"37":12,"39":12,"40":12,"41":12,"42":12,"43":12,"44":43,"45":12,"46":12,"47":12,"48":12,"50":12},"branchMap":{"0":{"type":"branch","line":8,"loc":{"start":{"line":8,"column":24},"end":{"line":51,"column":2}},"locations":[{"start":{"line":8,"column":24},"end":{"line":51,"column":2}}]},"1":{"type":"branch","line":11,"loc":{"start":{"line":11,"column":37},"end":{"line":16,"column":3}},"locations":[{"start":{"line":11,"column":37},"end":{"line":16,"column":3}}]},"2":{"type":"branch","line":12,"loc":{"start":{"line":12,"column":28},"end":{"line":12,"column":40}},"locations":[{"start":{"line":12,"column":28},"end":{"line":12,"column":40}}]},"3":{"type":"branch","line":12,"loc":{"start":{"line":12,"column":35},"end":{"line":13,"column":41}},"locations":[{"start":{"line":12,"column":35},"end":{"line":13,"column":41}}]},"4":{"type":"branch","line":13,"loc":{"start":{"line":13,"column":34},"end":{"line":13,"column":56}},"locations":[{"start":{"line":13,"column":34},"end":{"line":13,"column":56}}]},"5":{"type":"branch","line":13,"loc":{"start":{"line":13,"column":46},"end":{"line":14,"column":54}},"locations":[{"start":{"line":13,"column":46},"end":{"line":14,"column":54}}]},"6":{"type":"branch","line":14,"loc":{"start":{"line":14,"column":44},"end":{"line":15,"column":16}},"locations":[{"start":{"line":14,"column":44},"end":{"line":15,"column":16}}]},"7":{"type":"branch","line":17,"loc":{"start":{"line":17,"column":24},"end":{"line":18,"column":48}},"locations":[{"start":{"line":17,"column":24},"end":{"line":18,"column":48}}]},"8":{"type":"branch","line":18,"loc":{"start":{"line":18,"column":15},"end":{"line":18,"column":38}},"locations":[{"start":{"line":18,"column":15},"end":{"line":18,"column":38}}]},"9":{"type":"branch","line":18,"loc":{"start":{"line":18,"column":26},"end":{"line":18,"column":48}},"locations":[{"start":{"line":18,"column":26},"end":{"line":18,"column":48}}]},"10":{"type":"branch","line":24,"loc":{"start":{"line":24,"column":19},"end":{"line":24,"column":44}},"locations":[{"start":{"line":24,"column":19},"end":{"line":24,"column":44}}]},"11":{"type":"branch","line":30,"loc":{"start":{"line":30,"column":19},"end":{"line":30,"column":50}},"locations":[{"start":{"line":30,"column":19},"end":{"line":30,"column":50}}]},"12":{"type":"branch","line":36,"loc":{"start":{"line":36,"column":19},"end":{"line":36,"column":47}},"locations":[{"start":{"line":36,"column":19},"end":{"line":36,"column":47}}]},"13":{"type":"branch","line":44,"loc":{"start":{"line":44,"column":29},"end":{"line":45,"column":50}},"locations":[{"start":{"line":44,"column":29},"end":{"line":45,"column":50}}]}},"b":{"0":[12],"1":[48],"2":[36],"3":[12],"4":[4],"5":[8],"6":[0],"7":[36],"8":[12],"9":[24],"10":[1],"11":[1],"12":[2],"13":[43]},"fnMap":{"0":{"name":"TodoList","decl":{"start":{"line":8,"column":24},"end":{"line":51,"column":2}},"loc":{"start":{"line":8,"column":24},"end":{"line":51,"column":2}},"line":8},"1":{"name":"buttonVariant","decl":{"start":{"line":17,"column":24},"end":{"line":18,"column":48}},"loc":{"start":{"line":17,"column":24},"end":{"line":18,"column":48}},"line":17},"2":{"name":"onClick","decl":{"start":{"line":24,"column":19},"end":{"line":24,"column":44}},"loc":{"start":{"line":24,"column":19},"end":{"line":24,"column":44}},"line":24},"3":{"name":"onClick","decl":{"start":{"line":30,"column":19},"end":{"line":30,"column":50}},"loc":{"start":{"line":30,"column":19},"end":{"line":30,"column":50}},"line":30},"4":{"name":"onClick","decl":{"start":{"line":36,"column":19},"end":{"line":36,"column":47}},"loc":{"start":{"line":36,"column":19},"end":{"line":36,"column":47}},"line":36}},"f":{"0":12,"1":36,"2":1,"3":1,"4":2}}
,"/Users/pawelnackiewicz/Projects/beaution/beaution-app/src/components/templates/main-template.tsx": {"path":"/Users/pawelnackiewicz/Projects/beaution/beaution-app/src/components/templates/main-template.tsx","all":false,"statementMap":{"0":{"start":{"line":1,"column":0},"end":{"line":1,"column":54}},"1":{"start":{"line":2,"column":0},"end":{"line":2,"column":40}},"3":{"start":{"line":4,"column":0},"end":{"line":4,"column":35}},"4":{"start":{"line":5,"column":0},"end":{"line":5,"column":10}},"5":{"start":{"line":6,"column":0},"end":{"line":6,"column":51}},"6":{"start":{"line":7,"column":0},"end":{"line":7,"column":24}},"7":{"start":{"line":8,"column":0},"end":{"line":8,"column":18}},"8":{"start":{"line":9,"column":0},"end":{"line":9,"column":10}},"10":{"start":{"line":11,"column":0},"end":{"line":11,"column":2}}},"s":{"0":1,"1":1,"3":1,"4":8,"5":8,"6":8,"7":8,"8":8,"10":8},"branchMap":{"0":{"type":"branch","line":4,"loc":{"start":{"line":4,"column":28},"end":{"line":11,"column":2}},"locations":[{"start":{"line":4,"column":28},"end":{"line":11,"column":2}}]}},"b":{"0":[8]},"fnMap":{"0":{"name":"MainTemplate","decl":{"start":{"line":4,"column":28},"end":{"line":11,"column":2}},"loc":{"start":{"line":4,"column":28},"end":{"line":11,"column":2}},"line":4}},"f":{"0":8}}
,"/Users/pawelnackiewicz/Projects/beaution/beaution-app/src/components/ui/button.tsx": {"path":"/Users/pawelnackiewicz/Projects/beaution/beaution-app/src/components/ui/button.tsx","all":false,"statementMap":{"1":{"start":{"line":2,"column":0},"end":{"line":2,"column":44}},"2":{"start":{"line":3,"column":0},"end":{"line":3,"column":66}},"4":{"start":{"line":5,"column":0},"end":{"line":5,"column":33}},"6":{"start":{"line":7,"column":0},"end":{"line":7,"column":27}},"7":{"start":{"line":8,"column":0},"end":{"line":8,"column":454}},"8":{"start":{"line":9,"column":0},"end":{"line":9,"column":3}},"9":{"start":{"line":10,"column":0},"end":{"line":10,"column":15}},"10":{"start":{"line":11,"column":0},"end":{"line":11,"column":16}},"11":{"start":{"line":12,"column":0},"end":{"line":12,"column":16}},"12":{"start":{"line":13,"column":0},"end":{"line":13,"column":77}},"13":{"start":{"line":14,"column":0},"end":{"line":14,"column":20}},"14":{"start":{"line":15,"column":0},"end":{"line":15,"column":145}},"15":{"start":{"line":16,"column":0},"end":{"line":16,"column":16}},"16":{"start":{"line":17,"column":0},"end":{"line":17,"column":101}},"17":{"start":{"line":18,"column":0},"end":{"line":18,"column":18}},"18":{"start":{"line":19,"column":0},"end":{"line":19,"column":83}},"19":{"start":{"line":20,"column":0},"end":{"line":20,"column":62}},"20":{"start":{"line":21,"column":0},"end":{"line":21,"column":64}},"21":{"start":{"line":22,"column":0},"end":{"line":22,"column":8}},"22":{"start":{"line":23,"column":0},"end":{"line":23,"column":13}},"23":{"start":{"line":24,"column":0},"end":{"line":24,"column":49}},"24":{"start":{"line":25,"column":0},"end":{"line":25,"column":52}},"25":{"start":{"line":26,"column":0},"end":{"line":26,"column":51}},"26":{"start":{"line":27,"column":0},"end":{"line":27,"column":23}},"27":{"start":{"line":28,"column":0},"end":{"line":28,"column":8}},"28":{"start":{"line":29,"column":0},"end":{"line":29,"column":6}},"29":{"start":{"line":30,"column":0},"end":{"line":30,"column":22}},"30":{"start":{"line":31,"column":0},"end":{"line":31,"column":25}},"31":{"start":{"line":32,"column":0},"end":{"line":32,"column":22}},"32":{"start":{"line":33,"column":0},"end":{"line":33,"column":6}},"33":{"start":{"line":34,"column":0},"end":{"line":34,"column":3}},"34":{"start":{"line":35,"column":0},"end":{"line":35,"column":2}},"36":{"start":{"line":37,"column":0},"end":{"line":37,"column":17}},"37":{"start":{"line":38,"column":0},"end":{"line":38,"column":12}},"38":{"start":{"line":39,"column":0},"end":{"line":39,"column":10}},"39":{"start":{"line":40,"column":0},"end":{"line":40,"column":7}},"40":{"start":{"line":41,"column":0},"end":{"line":41,"column":18}},"41":{"start":{"line":42,"column":0},"end":{"line":42,"column":10}},"42":{"start":{"line":43,"column":0},"end":{"line":43,"column":35}},"45":{"start":{"line":46,"column":0},"end":{"line":46,"column":6}},"46":{"start":{"line":47,"column":0},"end":{"line":47,"column":41}},"48":{"start":{"line":49,"column":0},"end":{"line":49,"column":10}},"49":{"start":{"line":50,"column":0},"end":{"line":50,"column":9}},"50":{"start":{"line":51,"column":0},"end":{"line":51,"column":24}},"51":{"start":{"line":52,"column":0},"end":{"line":52,"column":66}},"52":{"start":{"line":53,"column":0},"end":{"line":53,"column":16}},"53":{"start":{"line":54,"column":0},"end":{"line":54,"column":6}},"55":{"start":{"line":56,"column":0},"end":{"line":56,"column":1}}},"s":{"1":1,"2":1,"4":1,"6":1,"7":1,"8":1,"9":1,"10":1,"11":1,"12":1,"13":1,"14":1,"15":1,"16":1,"17":1,"18":1,"19":1,"20":1,"21":1,"22":1,"23":1,"24":1,"25":1,"26":1,"27":1,"28":1,"29":1,"30":1,"31":1,"32":1,"33":1,"34":1,"36":36,"37":36,"38":36,"39":36,"40":36,"41":36,"42":36,"45":36,"46":36,"48":36,"49":36,"50":36,"51":36,"52":36,"53":36,"55":36},"branchMap":{"0":{"type":"branch","line":37,"loc":{"start":{"line":37,"column":0},"end":{"line":56,"column":1}},"locations":[{"start":{"line":37,"column":0},"end":{"line":56,"column":1}}]},"1":{"type":"branch","line":47,"loc":{"start":{"line":47,"column":15},"end":{"line":47,"column":32}},"locations":[{"start":{"line":47,"column":15},"end":{"line":47,"column":32}}]}},"b":{"0":[36],"1":[0]},"fnMap":{"0":{"name":"Button","decl":{"start":{"line":37,"column":0},"end":{"line":56,"column":1}},"loc":{"start":{"line":37,"column":0},"end":{"line":56,"column":1}},"line":37}},"f":{"0":36}}
,"/Users/pawelnackiewicz/Projects/beaution/beaution-app/src/components/ui/form.tsx": {"path":"/Users/pawelnackiewicz/Projects/beaution/beaution-app/src/components/ui/form.tsx","all":false,"statementMap":{"0":{"start":{"line":1,"column":0},"end":{"line":1,"column":31}},"2":{"start":{"line":3,"column":0},"end":{"line":3,"column":44}},"3":{"start":{"line":4,"column":0},"end":{"line":4,"column":8}},"13":{"start":{"line":14,"column":0},"end":{"line":14,"column":33}},"14":{"start":{"line":15,"column":0},"end":{"line":15,"column":46}},"16":{"start":{"line":17,"column":0},"end":{"line":17,"column":26}},"25":{"start":{"line":26,"column":0},"end":{"line":26,"column":68}},"26":{"start":{"line":27,"column":0},"end":{"line":27,"column":29}},"27":{"start":{"line":28,"column":0},"end":{"line":28,"column":2}},"29":{"start":{"line":30,"column":0},"end":{"line":30,"column":19}},"32":{"start":{"line":33,"column":0},"end":{"line":33,"column":3}},"33":{"start":{"line":34,"column":0},"end":{"line":34,"column":10}},"34":{"start":{"line":35,"column":0},"end":{"line":35,"column":45}},"35":{"start":{"line":36,"column":0},"end":{"line":36,"column":10}},"36":{"start":{"line":37,"column":0},"end":{"line":37,"column":60}},"37":{"start":{"line":38,"column":0},"end":{"line":38,"column":31}},"38":{"start":{"line":39,"column":0},"end":{"line":39,"column":32}},"40":{"start":{"line":41,"column":0},"end":{"line":41,"column":2}},"42":{"start":{"line":43,"column":0},"end":{"line":43,"column":28}},"43":{"start":{"line":44,"column":0},"end":{"line":44,"column":58}},"44":{"start":{"line":45,"column":0},"end":{"line":45,"column":56}},"45":{"start":{"line":46,"column":0},"end":{"line":46,"column":45}},"46":{"start":{"line":47,"column":0},"end":{"line":47,"column":62}},"47":{"start":{"line":48,"column":0},"end":{"line":48,"column":65}},"49":{"start":{"line":50,"column":0},"end":{"line":50,"column":22}},"50":{"start":{"line":51,"column":0},"end":{"line":51,"column":70}},"51":{"start":{"line":52,"column":0},"end":{"line":52,"column":3}},"53":{"start":{"line":54,"column":0},"end":{"line":54,"column":29}},"55":{"start":{"line":56,"column":0},"end":{"line":56,"column":10}},"56":{"start":{"line":57,"column":0},"end":{"line":57,"column":7}},"57":{"start":{"line":58,"column":0},"end":{"line":58,"column":28}},"58":{"start":{"line":59,"column":0},"end":{"line":59,"column":34}},"59":{"start":{"line":60,"column":0},"end":{"line":60,"column":53}},"60":{"start":{"line":61,"column":0},"end":{"line":61,"column":45}},"61":{"start":{"line":62,"column":0},"end":{"line":62,"column":18}},"62":{"start":{"line":63,"column":0},"end":{"line":63,"column":4}},"63":{"start":{"line":64,"column":0},"end":{"line":64,"column":2}},"69":{"start":{"line":70,"column":0},"end":{"line":70,"column":66}},"70":{"start":{"line":71,"column":0},"end":{"line":71,"column":28}},"71":{"start":{"line":72,"column":0},"end":{"line":72,"column":2}},"73":{"start":{"line":74,"column":0},"end":{"line":74,"column":73}},"74":{"start":{"line":75,"column":0},"end":{"line":75,"column":27}},"76":{"start":{"line":77,"column":0},"end":{"line":77,"column":10}},"77":{"start":{"line":78,"column":0},"end":{"line":78,"column":45}},"78":{"start":{"line":79,"column":0},"end":{"line":79,"column":10}},"79":{"start":{"line":80,"column":0},"end":{"line":80,"column":29}},"80":{"start":{"line":81,"column":0},"end":{"line":81,"column":47}},"81":{"start":{"line":82,"column":0},"end":{"line":82,"column":18}},"82":{"start":{"line":83,"column":0},"end":{"line":83,"column":8}},"83":{"start":{"line":84,"column":0},"end":{"line":84,"column":31}},"85":{"start":{"line":86,"column":0},"end":{"line":86,"column":1}},"87":{"start":{"line":88,"column":0},"end":{"line":88,"column":20}},"88":{"start":{"line":89,"column":0},"end":{"line":89,"column":12}},"89":{"start":{"line":90,"column":0},"end":{"line":90,"column":10}},"90":{"start":{"line":91,"column":0},"end":{"line":91,"column":54}},"91":{"start":{"line":92,"column":0},"end":{"line":92,"column":47}},"93":{"start":{"line":94,"column":0},"end":{"line":94,"column":10}},"94":{"start":{"line":95,"column":0},"end":{"line":95,"column":10}},"95":{"start":{"line":96,"column":0},"end":{"line":96,"column":28}},"96":{"start":{"line":97,"column":0},"end":{"line":97,"column":26}},"97":{"start":{"line":98,"column":0},"end":{"line":98,"column":80}},"98":{"start":{"line":99,"column":0},"end":{"line":99,"column":26}},"99":{"start":{"line":100,"column":0},"end":{"line":100,"column":16}},"100":{"start":{"line":101,"column":0},"end":{"line":101,"column":6}},"102":{"start":{"line":103,"column":0},"end":{"line":103,"column":1}},"104":{"start":{"line":105,"column":0},"end":{"line":105,"column":71}},"105":{"start":{"line":106,"column":0},"end":{"line":106,"column":65}},"106":{"start":{"line":107,"column":0},"end":{"line":107,"column":19}},"108":{"start":{"line":109,"column":0},"end":{"line":109,"column":10}},"109":{"start":{"line":110,"column":0},"end":{"line":110,"column":9}},"110":{"start":{"line":111,"column":0},"end":{"line":111,"column":30}},"111":{"start":{"line":112,"column":0},"end":{"line":112,"column":21}},"112":{"start":{"line":113,"column":0},"end":{"line":113,"column":24}},"113":{"start":{"line":114,"column":0},"end":{"line":114,"column":14}},"114":{"start":{"line":115,"column":0},"end":{"line":115,"column":34}},"115":{"start":{"line":116,"column":0},"end":{"line":116,"column":51}},"117":{"start":{"line":118,"column":0},"end":{"line":118,"column":28}},"118":{"start":{"line":119,"column":0},"end":{"line":119,"column":16}},"119":{"start":{"line":120,"column":0},"end":{"line":120,"column":6}},"121":{"start":{"line":122,"column":0},"end":{"line":122,"column":1}},"123":{"start":{"line":124,"column":0},"end":{"line":124,"column":78}},"124":{"start":{"line":125,"column":0},"end":{"line":125,"column":47}},"126":{"start":{"line":127,"column":0},"end":{"line":127,"column":10}},"127":{"start":{"line":128,"column":0},"end":{"line":128,"column":6}},"128":{"start":{"line":129,"column":0},"end":{"line":129,"column":34}},"129":{"start":{"line":130,"column":0},"end":{"line":130,"column":28}},"130":{"start":{"line":131,"column":0},"end":{"line":131,"column":64}},"131":{"start":{"line":132,"column":0},"end":{"line":132,"column":16}},"132":{"start":{"line":133,"column":0},"end":{"line":133,"column":6}},"134":{"start":{"line":135,"column":0},"end":{"line":135,"column":1}},"136":{"start":{"line":137,"column":0},"end":{"line":137,"column":74}},"137":{"start":{"line":138,"column":0},"end":{"line":138,"column":50}},"138":{"start":{"line":139,"column":0},"end":{"line":139,"column":63}},"140":{"start":{"line":141,"column":0},"end":{"line":141,"column":14}},"141":{"start":{"line":142,"column":0},"end":{"line":142,"column":16}},"142":{"start":{"line":143,"column":0},"end":{"line":143,"column":3}},"144":{"start":{"line":145,"column":0},"end":{"line":145,"column":10}},"145":{"start":{"line":146,"column":0},"end":{"line":146,"column":6}},"146":{"start":{"line":147,"column":0},"end":{"line":147,"column":30}},"147":{"start":{"line":148,"column":0},"end":{"line":148,"column":24}},"148":{"start":{"line":149,"column":0},"end":{"line":149,"column":70}},"149":{"start":{"line":150,"column":0},"end":{"line":150,"column":16}},"151":{"start":{"line":152,"column":0},"end":{"line":152,"column":12}},"152":{"start":{"line":153,"column":0},"end":{"line":153,"column":8}},"154":{"start":{"line":155,"column":0},"end":{"line":155,"column":1}}},"s":{"0":1,"2":1,"3":1,"13":1,"14":1,"16":1,"25":1,"26":1,"27":1,"29":1,"32":9,"33":9,"34":9,"35":9,"36":9,"37":9,"38":9,"40":9,"42":1,"43":118,"44":118,"45":118,"46":118,"47":118,"49":118,"50":0,"51":0,"53":118,"55":118,"56":118,"57":118,"58":118,"59":118,"60":118,"61":118,"62":118,"63":118,"69":1,"70":1,"71":1,"73":54,"74":54,"76":54,"77":54,"78":54,"79":54,"80":54,"81":54,"82":54,"83":54,"85":54,"87":0,"88":0,"89":0,"90":0,"91":0,"93":0,"94":0,"95":0,"96":0,"97":0,"98":0,"99":0,"100":0,"102":0,"104":59,"105":59,"106":59,"108":59,"109":59,"110":59,"111":59,"112":59,"113":59,"114":57,"115":2,"117":59,"118":59,"119":59,"121":59,"123":0,"124":0,"126":0,"127":0,"128":0,"129":0,"130":0,"131":0,"132":0,"134":0,"136":59,"137":59,"138":59,"140":59,"141":57,"142":57,"144":2,"145":2,"146":2,"147":2,"148":2,"149":2,"151":2,"152":2,"154":2},"branchMap":{"0":{"type":"branch","line":30,"loc":{"start":{"line":30,"column":18},"end":{"line":41,"column":2}},"locations":[{"start":{"line":30,"column":18},"end":{"line":41,"column":2}}]},"1":{"type":"branch","line":43,"loc":{"start":{"line":43,"column":21},"end":{"line":64,"column":2}},"locations":[{"start":{"line":43,"column":21},"end":{"line":64,"column":2}}]},"2":{"type":"branch","line":50,"loc":{"start":{"line":50,"column":21},"end":{"line":52,"column":3}},"locations":[{"start":{"line":50,"column":21},"end":{"line":52,"column":3}}]},"3":{"type":"branch","line":74,"loc":{"start":{"line":74,"column":0},"end":{"line":86,"column":1}},"locations":[{"start":{"line":74,"column":0},"end":{"line":86,"column":1}}]},"4":{"type":"branch","line":105,"loc":{"start":{"line":105,"column":0},"end":{"line":122,"column":1}},"locations":[{"start":{"line":105,"column":0},"end":{"line":122,"column":1}}]},"5":{"type":"branch","line":114,"loc":{"start":{"line":114,"column":9},"end":{"line":115,"column":34}},"locations":[{"start":{"line":114,"column":9},"end":{"line":115,"column":34}}]},"6":{"type":"branch","line":115,"loc":{"start":{"line":115,"column":32},"end":{"line":116,"column":51}},"locations":[{"start":{"line":115,"column":32},"end":{"line":116,"column":51}}]},"7":{"type":"branch","line":137,"loc":{"start":{"line":137,"column":0},"end":{"line":155,"column":1}},"locations":[{"start":{"line":137,"column":0},"end":{"line":155,"column":1}}]},"8":{"type":"branch","line":139,"loc":{"start":{"line":139,"column":15},"end":{"line":139,"column":48}},"locations":[{"start":{"line":139,"column":15},"end":{"line":139,"column":48}}]},"9":{"type":"branch","line":139,"loc":{"start":{"line":139,"column":44},"end":{"line":139,"column":63}},"locations":[{"start":{"line":139,"column":44},"end":{"line":139,"column":63}}]},"10":{"type":"branch","line":141,"loc":{"start":{"line":141,"column":13},"end":{"line":143,"column":3}},"locations":[{"start":{"line":141,"column":13},"end":{"line":143,"column":3}}]},"11":{"type":"branch","line":143,"loc":{"start":{"line":143,"column":2},"end":{"line":155,"column":1}},"locations":[{"start":{"line":143,"column":2},"end":{"line":155,"column":1}}]}},"b":{"0":[9],"1":[118],"2":[0],"3":[54],"4":[59],"5":[57],"6":[2],"7":[59],"8":[2],"9":[57],"10":[57],"11":[2]},"fnMap":{"0":{"name":"FormField","decl":{"start":{"line":30,"column":18},"end":{"line":41,"column":2}},"loc":{"start":{"line":30,"column":18},"end":{"line":41,"column":2}},"line":30},"1":{"name":"useFormField","decl":{"start":{"line":43,"column":21},"end":{"line":64,"column":2}},"loc":{"start":{"line":43,"column":21},"end":{"line":64,"column":2}},"line":43},"2":{"name":"FormItem","decl":{"start":{"line":74,"column":0},"end":{"line":86,"column":1}},"loc":{"start":{"line":74,"column":0},"end":{"line":86,"column":1}},"line":74},"3":{"name":"FormLabel","decl":{"start":{"line":88,"column":0},"end":{"line":103,"column":1}},"loc":{"start":{"line":88,"column":0},"end":{"line":103,"column":1}},"line":88},"4":{"name":"FormControl","decl":{"start":{"line":105,"column":0},"end":{"line":122,"column":1}},"loc":{"start":{"line":105,"column":0},"end":{"line":122,"column":1}},"line":105},"5":{"name":"FormDescription","decl":{"start":{"line":124,"column":0},"end":{"line":135,"column":1}},"loc":{"start":{"line":124,"column":0},"end":{"line":135,"column":1}},"line":124},"6":{"name":"FormMessage","decl":{"start":{"line":137,"column":0},"end":{"line":155,"column":1}},"loc":{"start":{"line":137,"column":0},"end":{"line":155,"column":1}},"line":137}},"f":{"0":9,"1":118,"2":54,"3":0,"4":59,"5":0,"6":59}}
,"/Users/pawelnackiewicz/Projects/beaution/beaution-app/src/components/ui/input.tsx": {"path":"/Users/pawelnackiewicz/Projects/beaution/beaution-app/src/components/ui/input.tsx","all":false,"statementMap":{"2":{"start":{"line":3,"column":0},"end":{"line":3,"column":32}},"4":{"start":{"line":5,"column":0},"end":{"line":5,"column":78}},"5":{"start":{"line":6,"column":0},"end":{"line":6,"column":10}},"6":{"start":{"line":7,"column":0},"end":{"line":7,"column":10}},"7":{"start":{"line":8,"column":0},"end":{"line":8,"column":17}},"8":{"start":{"line":9,"column":0},"end":{"line":9,"column":23}},"9":{"start":{"line":10,"column":0},"end":{"line":10,"column":20}},"10":{"start":{"line":11,"column":0},"end":{"line":11,"column":441}},"11":{"start":{"line":12,"column":0},"end":{"line":12,"column":88}},"12":{"start":{"line":13,"column":0},"end":{"line":13,"column":113}},"13":{"start":{"line":14,"column":0},"end":{"line":14,"column":17}},"14":{"start":{"line":15,"column":0},"end":{"line":15,"column":8}},"15":{"start":{"line":16,"column":0},"end":{"line":16,"column":16}},"16":{"start":{"line":17,"column":0},"end":{"line":17,"column":6}},"18":{"start":{"line":19,"column":0},"end":{"line":19,"column":1}}},"s":{"2":1,"4":59,"5":59,"6":59,"7":59,"8":59,"9":59,"10":59,"11":59,"12":59,"13":59,"14":59,"15":59,"16":59,"18":59},"branchMap":{"0":{"type":"branch","line":5,"loc":{"start":{"line":5,"column":0},"end":{"line":19,"column":1}},"locations":[{"start":{"line":5,"column":0},"end":{"line":19,"column":1}}]}},"b":{"0":[59]},"fnMap":{"0":{"name":"Input","decl":{"start":{"line":5,"column":0},"end":{"line":19,"column":1}},"loc":{"start":{"line":5,"column":0},"end":{"line":19,"column":1}},"line":5}},"f":{"0":59}}
,"/Users/pawelnackiewicz/Projects/beaution/beaution-app/src/components/ui/label.tsx": {"path":"/Users/pawelnackiewicz/Projects/beaution/beaution-app/src/components/ui/label.tsx","all":false,"statementMap":{"3":{"start":{"line":4,"column":0},"end":{"line":4,"column":55}},"5":{"start":{"line":6,"column":0},"end":{"line":6,"column":32}},"7":{"start":{"line":8,"column":0},"end":{"line":8,"column":16}},"8":{"start":{"line":9,"column":0},"end":{"line":9,"column":12}},"9":{"start":{"line":10,"column":0},"end":{"line":10,"column":10}},"10":{"start":{"line":11,"column":0},"end":{"line":11,"column":54}},"11":{"start":{"line":12,"column":0},"end":{"line":12,"column":10}},"12":{"start":{"line":13,"column":0},"end":{"line":13,"column":24}},"13":{"start":{"line":14,"column":0},"end":{"line":14,"column":23}},"14":{"start":{"line":15,"column":0},"end":{"line":15,"column":20}},"15":{"start":{"line":16,"column":0},"end":{"line":16,"column":198}},"16":{"start":{"line":17,"column":0},"end":{"line":17,"column":17}},"17":{"start":{"line":18,"column":0},"end":{"line":18,"column":8}},"18":{"start":{"line":19,"column":0},"end":{"line":19,"column":16}},"19":{"start":{"line":20,"column":0},"end":{"line":20,"column":6}},"21":{"start":{"line":22,"column":0},"end":{"line":22,"column":1}}},"s":{"3":1,"5":1,"7":0,"8":0,"9":0,"10":0,"11":0,"12":0,"13":0,"14":0,"15":0,"16":0,"17":0,"18":0,"19":0,"21":0},"branchMap":{},"b":{},"fnMap":{"0":{"name":"Label","decl":{"start":{"line":8,"column":0},"end":{"line":22,"column":1}},"loc":{"start":{"line":8,"column":0},"end":{"line":22,"column":1}},"line":8}},"f":{"0":0}}
,"/Users/pawelnackiewicz/Projects/beaution/beaution-app/src/lib/utils.ts": {"path":"/Users/pawelnackiewicz/Projects/beaution/beaution-app/src/lib/utils.ts","all":false,"statementMap":{"0":{"start":{"line":1,"column":0},"end":{"line":1,"column":44}},"1":{"start":{"line":2,"column":0},"end":{"line":2,"column":40}},"3":{"start":{"line":4,"column":0},"end":{"line":4,"column":45}},"4":{"start":{"line":5,"column":0},"end":{"line":5,"column":30}},"5":{"start":{"line":6,"column":0},"end":{"line":6,"column":1}}},"s":{"0":1,"1":1,"3":1,"4":151,"5":151},"branchMap":{"0":{"type":"branch","line":4,"loc":{"start":{"line":4,"column":7},"end":{"line":6,"column":1}},"locations":[{"start":{"line":4,"column":7},"end":{"line":6,"column":1}}]}},"b":{"0":[151]},"fnMap":{"0":{"name":"cn","decl":{"start":{"line":4,"column":7},"end":{"line":6,"column":1}},"loc":{"start":{"line":4,"column":7},"end":{"line":6,"column":1}},"line":4}},"f":{"0":151}}
,"/Users/pawelnackiewicz/Projects/beaution/beaution-app/src/routes/__root.tsx": {"path":"/Users/pawelnackiewicz/Projects/beaution/beaution-app/src/routes/__root.tsx","all":true,"statementMap":{"0":{"start":{"line":1,"column":0},"end":{"line":1,"column":71}},"1":{"start":{"line":2,"column":0},"end":{"line":2,"column":67}},"3":{"start":{"line":4,"column":0},"end":{"line":4,"column":38}},"4":{"start":{"line":5,"column":0},"end":{"line":5,"column":20}},"5":{"start":{"line":6,"column":0},"end":{"line":6,"column":6}},"6":{"start":{"line":7,"column":0},"end":{"line":7,"column":38}},"7":{"start":{"line":8,"column":0},"end":{"line":8,"column":54}},"9":{"start":{"line":10,"column":0},"end":{"line":10,"column":20}},"10":{"start":{"line":11,"column":0},"end":{"line":11,"column":58}},"12":{"start":{"line":13,"column":0},"end":{"line":13,"column":15}},"13":{"start":{"line":14,"column":0},"end":{"line":14,"column":12}},"14":{"start":{"line":15,"column":0},"end":{"line":15,"column":12}},"15":{"start":{"line":16,"column":0},"end":{"line":16,"column":16}},"16":{"start":{"line":17,"column":0},"end":{"line":17,"column":32}},"17":{"start":{"line":18,"column":0},"end":{"line":18,"column":7}},"19":{"start":{"line":20,"column":0},"end":{"line":20,"column":3}}},"s":{"0":0,"1":0,"3":0,"4":0,"5":0,"6":0,"7":0,"9":0,"10":0,"12":0,"13":0,"14":0,"15":0,"16":0,"17":0,"19":0},"branchMap":{"0":{"type":"branch","line":1,"loc":{"start":{"line":1,"column":205},"end":{"line":20,"column":-310}},"locations":[{"start":{"line":1,"column":205},"end":{"line":20,"column":-310}}]}},"b":{"0":[0]},"fnMap":{"0":{"name":"(empty-report)","decl":{"start":{"line":1,"column":205},"end":{"line":20,"column":-310}},"loc":{"start":{"line":1,"column":205},"end":{"line":20,"column":-310}},"line":1}},"f":{"0":0}}
,"/Users/pawelnackiewicz/Projects/beaution/beaution-app/src/routes/blog.tsx": {"path":"/Users/pawelnackiewicz/Projects/beaution/beaution-app/src/routes/blog.tsx","all":true,"statementMap":{"0":{"start":{"line":1,"column":0},"end":{"line":1,"column":57}},"2":{"start":{"line":3,"column":0},"end":{"line":3,"column":47}},"3":{"start":{"line":4,"column":0},"end":{"line":4,"column":18}},"4":{"start":{"line":5,"column":0},"end":{"line":5,"column":3}},"6":{"start":{"line":7,"column":0},"end":{"line":7,"column":17}},"7":{"start":{"line":8,"column":0},"end":{"line":8,"column":35}},"8":{"start":{"line":9,"column":0},"end":{"line":9,"column":1}}},"s":{"0":0,"2":0,"3":0,"4":0,"6":0,"7":0,"8":0},"branchMap":{"0":{"type":"branch","line":1,"loc":{"start":{"line":1,"column":158},"end":{"line":9,"column":-128}},"locations":[{"start":{"line":1,"column":158},"end":{"line":9,"column":-128}}]}},"b":{"0":[0]},"fnMap":{"0":{"name":"(empty-report)","decl":{"start":{"line":1,"column":158},"end":{"line":9,"column":-128}},"loc":{"start":{"line":1,"column":158},"end":{"line":9,"column":-128}},"line":1}},"f":{"0":0}}
,"/Users/pawelnackiewicz/Projects/beaution/beaution-app/src/routes/contact.tsx": {"path":"/Users/pawelnackiewicz/Projects/beaution/beaution-app/src/routes/contact.tsx","all":true,"statementMap":{"0":{"start":{"line":1,"column":0},"end":{"line":1,"column":57}},"2":{"start":{"line":3,"column":0},"end":{"line":3,"column":50}},"3":{"start":{"line":4,"column":0},"end":{"line":4,"column":21}},"4":{"start":{"line":5,"column":0},"end":{"line":5,"column":3}},"6":{"start":{"line":7,"column":0},"end":{"line":7,"column":20}},"7":{"start":{"line":8,"column":0},"end":{"line":8,"column":56}},"8":{"start":{"line":9,"column":0},"end":{"line":9,"column":1}}},"s":{"0":0,"2":0,"3":0,"4":0,"6":0,"7":0,"8":0},"branchMap":{"0":{"type":"branch","line":1,"loc":{"start":{"line":1,"column":167},"end":{"line":9,"column":-158}},"locations":[{"start":{"line":1,"column":167},"end":{"line":9,"column":-158}}]}},"b":{"0":[0]},"fnMap":{"0":{"name":"(empty-report)","decl":{"start":{"line":1,"column":167},"end":{"line":9,"column":-158}},"loc":{"start":{"line":1,"column":167},"end":{"line":9,"column":-158}},"line":1}},"f":{"0":0}}
,"/Users/pawelnackiewicz/Projects/beaution/beaution-app/src/routes/index.tsx": {"path":"/Users/pawelnackiewicz/Projects/beaution/beaution-app/src/routes/index.tsx","all":true,"statementMap":{"0":{"start":{"line":1,"column":0},"end":{"line":1,"column":57}},"2":{"start":{"line":3,"column":0},"end":{"line":3,"column":43}},"3":{"start":{"line":4,"column":0},"end":{"line":4,"column":19}},"4":{"start":{"line":5,"column":0},"end":{"line":5,"column":3}},"6":{"start":{"line":7,"column":0},"end":{"line":7,"column":18}},"7":{"start":{"line":8,"column":0},"end":{"line":8,"column":38}},"8":{"start":{"line":9,"column":0},"end":{"line":9,"column":1}}},"s":{"0":0,"2":0,"3":0,"4":0,"6":0,"7":0,"8":0},"branchMap":{"0":{"type":"branch","line":1,"loc":{"start":{"line":1,"column":156},"end":{"line":9,"column":-129}},"locations":[{"start":{"line":1,"column":156},"end":{"line":9,"column":-129}}]}},"b":{"0":[0]},"fnMap":{"0":{"name":"(empty-report)","decl":{"start":{"line":1,"column":156},"end":{"line":9,"column":-129}},"loc":{"start":{"line":1,"column":156},"end":{"line":9,"column":-129}},"line":1}},"f":{"0":0}}
,"/Users/pawelnackiewicz/Projects/beaution/beaution-app/src/routes/login.tsx": {"path":"/Users/pawelnackiewicz/Projects/beaution/beaution-app/src/routes/login.tsx","all":true,"statementMap":{"0":{"start":{"line":1,"column":0},"end":{"line":1,"column":57}},"2":{"start":{"line":3,"column":0},"end":{"line":3,"column":48}},"3":{"start":{"line":4,"column":0},"end":{"line":4,"column":19}},"4":{"start":{"line":5,"column":0},"end":{"line":5,"column":3}},"6":{"start":{"line":7,"column":0},"end":{"line":7,"column":18}},"7":{"start":{"line":8,"column":0},"end":{"line":8,"column":36}},"8":{"start":{"line":9,"column":0},"end":{"line":9,"column":1}}},"s":{"0":0,"2":0,"3":0,"4":0,"6":0,"7":0,"8":0},"branchMap":{"0":{"type":"branch","line":1,"loc":{"start":{"line":1,"column":161},"end":{"line":9,"column":-132}},"locations":[{"start":{"line":1,"column":161},"end":{"line":9,"column":-132}}]}},"b":{"0":[0]},"fnMap":{"0":{"name":"(empty-report)","decl":{"start":{"line":1,"column":161},"end":{"line":9,"column":-132}},"loc":{"start":{"line":1,"column":161},"end":{"line":9,"column":-132}},"line":1}},"f":{"0":0}}
,"/Users/pawelnackiewicz/Projects/beaution/beaution-app/src/routes/pricing.tsx": {"path":"/Users/pawelnackiewicz/Projects/beaution/beaution-app/src/routes/pricing.tsx","all":true,"statementMap":{"0":{"start":{"line":1,"column":0},"end":{"line":1,"column":57}},"2":{"start":{"line":3,"column":0},"end":{"line":3,"column":50}},"3":{"start":{"line":4,"column":0},"end":{"line":4,"column":28}},"4":{"start":{"line":5,"column":0},"end":{"line":5,"column":3}},"6":{"start":{"line":7,"column":0},"end":{"line":7,"column":27}},"7":{"start":{"line":8,"column":0},"end":{"line":8,"column":38}},"8":{"start":{"line":9,"column":0},"end":{"line":9,"column":1}}},"s":{"0":0,"2":0,"3":0,"4":0,"6":0,"7":0,"8":0},"branchMap":{"0":{"type":"branch","line":1,"loc":{"start":{"line":1,"column":181},"end":{"line":9,"column":-154}},"locations":[{"start":{"line":1,"column":181},"end":{"line":9,"column":-154}}]}},"b":{"0":[0]},"fnMap":{"0":{"name":"(empty-report)","decl":{"start":{"line":1,"column":181},"end":{"line":9,"column":-154}},"loc":{"start":{"line":1,"column":181},"end":{"line":9,"column":-154}},"line":1}},"f":{"0":0}}
,"/Users/pawelnackiewicz/Projects/beaution/beaution-app/src/routes/register.tsx": {"path":"/Users/pawelnackiewicz/Projects/beaution/beaution-app/src/routes/register.tsx","all":true,"statementMap":{"0":{"start":{"line":1,"column":0},"end":{"line":1,"column":57}},"2":{"start":{"line":3,"column":0},"end":{"line":3,"column":51}},"3":{"start":{"line":4,"column":0},"end":{"line":4,"column":22}},"4":{"start":{"line":5,"column":0},"end":{"line":5,"column":3}},"6":{"start":{"line":7,"column":0},"end":{"line":7,"column":21}},"7":{"start":{"line":8,"column":0},"end":{"line":8,"column":39}},"8":{"start":{"line":9,"column":0},"end":{"line":9,"column":1}}},"s":{"0":0,"2":0,"3":0,"4":0,"6":0,"7":0,"8":0},"branchMap":{"0":{"type":"branch","line":1,"loc":{"start":{"line":1,"column":170},"end":{"line":9,"column":-144}},"locations":[{"start":{"line":1,"column":170},"end":{"line":9,"column":-144}}]}},"b":{"0":[0]},"fnMap":{"0":{"name":"(empty-report)","decl":{"start":{"line":1,"column":170},"end":{"line":9,"column":-144}},"loc":{"start":{"line":1,"column":170},"end":{"line":9,"column":-144}},"line":1}},"f":{"0":0}}
}
